0 info it worked if it ends with ok
1 verbose cli [ '/usr/bin/nodejs',
1 verbose cli   '/usr/bin/npm',
1 verbose cli   'install',
1 verbose cli   '-g',
1 verbose cli   'yo',
1 verbose cli   'generator-botkit' ]
2 info using npm@1.3.10
3 info using node@v0.10.25
4 verbose cache add [ 'yo', null ]
5 verbose cache add name=undefined spec="yo" args=["yo",null]
6 verbose parsed url { protocol: null,
6 verbose parsed url   slashes: null,
6 verbose parsed url   auth: null,
6 verbose parsed url   host: null,
6 verbose parsed url   port: null,
6 verbose parsed url   hostname: null,
6 verbose parsed url   hash: null,
6 verbose parsed url   search: null,
6 verbose parsed url   query: null,
6 verbose parsed url   pathname: 'yo',
6 verbose parsed url   path: 'yo',
6 verbose parsed url   href: 'yo' }
7 verbose cache add [ 'generator-botkit', null ]
8 verbose cache add name=undefined spec="generator-botkit" args=["generator-botkit",null]
9 verbose parsed url { protocol: null,
9 verbose parsed url   slashes: null,
9 verbose parsed url   auth: null,
9 verbose parsed url   host: null,
9 verbose parsed url   port: null,
9 verbose parsed url   hostname: null,
9 verbose parsed url   hash: null,
9 verbose parsed url   search: null,
9 verbose parsed url   query: null,
9 verbose parsed url   pathname: 'generator-botkit',
9 verbose parsed url   path: 'generator-botkit',
9 verbose parsed url   href: 'generator-botkit' }
10 silly lockFile c41975d1-yo yo
11 verbose addNamed [ 'yo', '' ]
12 verbose addNamed [ null, '*' ]
13 silly lockFile d937c28e-yo yo@
14 verbose lock yo@ /home/schaetz/.npm/d937c28e-yo.lock
15 silly lockFile ff64d27a-generator-botkit generator-botkit
16 verbose addNamed [ 'generator-botkit', '' ]
17 verbose addNamed [ null, '*' ]
18 silly lockFile bc53f92b-generator-botkit generator-botkit@
19 verbose lock generator-botkit@ /home/schaetz/.npm/bc53f92b-generator-botkit.lock
20 silly lockFile d937c28e-yo yo@
21 error Error: ENOENT, open '/home/schaetz/.npm/d937c28e-yo.lock'
22 error If you need help, you may report this log at:
22 error     <http://github.com/isaacs/npm/issues>
22 error or email it to:
22 error     <npm-@googlegroups.com>
23 error System Linux 3.13.0-042stab140.1
24 error command "/usr/bin/nodejs" "/usr/bin/npm" "install" "-g" "yo" "generator-botkit"
25 error cwd /var/www/html/schaetzmeister
26 error node -v v0.10.25
27 error npm -v 1.3.10
28 error path /home/schaetz/.npm/d937c28e-yo.lock
29 error code ENOENT
30 error errno 34
31 verbose exit [ 34, true ]
